{"/Users/aman/Documents/stock-valuation/domain/domainError.js": {"path":"/Users/aman/Documents/stock-valuation/domain/domainError.js","statementMap":{"0":{"start":{"line":1,"column":0},"end":{"line":8,"column":1}},"1":{"start":{"line":3,"column":4},"end":{"line":3,"column":12}},"2":{"start":{"line":4,"column":4},"end":{"line":6,"column":33}}},"fnMap":{"0":{"name":"(anonymous_0)","decl":{"start":{"line":2,"column":2},"end":{"line":2,"column":3}},"loc":{"start":{"line":2,"column":25},"end":{"line":7,"column":3}},"line":2}},"branchMap":{"0":{"loc":{"start":{"line":4,"column":19},"end":{"line":6,"column":32}},"type":"cond-expr","locations":[{"start":{"line":5,"column":7},"end":{"line":5,"column":38}},{"start":{"line":6,"column":7},"end":{"line":6,"column":32}}],"line":4}},"s":{"0":1,"1":0,"2":0},"f":{"0":0},"b":{"0":[0,0]},"_coverageSchema":"1a1c01bbd47fc00a2c39e90264f33305004495a9","hash":"aa57c8b2a779f82c5e8c7afa000d9c7031e4639c"}
,"/Users/aman/Documents/stock-valuation/domain/formula.js": {"path":"/Users/aman/Documents/stock-valuation/domain/formula.js","statementMap":{"0":{"start":{"line":1,"column":10},"end":{"line":1,"column":31}},"1":{"start":{"line":2,"column":32},"end":{"line":2,"column":56}},"2":{"start":{"line":3,"column":56},"end":{"line":3,"column":80}},"3":{"start":{"line":44,"column":0},"end":{"line":272,"column":2}},"4":{"start":{"line":47,"column":4},"end":{"line":47,"column":50}},"5":{"start":{"line":51,"column":17},"end":{"line":51,"column":88}},"6":{"start":{"line":52,"column":4},"end":{"line":53,"column":38}},"7":{"start":{"line":53,"column":6},"end":{"line":53,"column":38}},"8":{"start":{"line":54,"column":4},"end":{"line":54,"column":16}},"9":{"start":{"line":58,"column":21},"end":{"line":58,"column":63}},"10":{"start":{"line":58,"column":53},"end":{"line":58,"column":62}},"11":{"start":{"line":59,"column":4},"end":{"line":60,"column":46}},"12":{"start":{"line":60,"column":6},"end":{"line":60,"column":46}},"13":{"start":{"line":64,"column":62},"end":{"line":64,"column":102}},"14":{"start":{"line":65,"column":28},"end":{"line":65,"column":46}},"15":{"start":{"line":66,"column":26},"end":{"line":66,"column":40}},"16":{"start":{"line":67,"column":4},"end":{"line":67,"column":48}},"17":{"start":{"line":69,"column":4},"end":{"line":69,"column":46}},"18":{"start":{"line":73,"column":62},"end":{"line":73,"column":102}},"19":{"start":{"line":74,"column":45},"end":{"line":74,"column":63}},"20":{"start":{"line":75,"column":45},"end":{"line":75,"column":59}},"21":{"start":{"line":77,"column":4},"end":{"line":77,"column":84}},"22":{"start":{"line":79,"column":4},"end":{"line":79,"column":88}},"23":{"start":{"line":83,"column":62},"end":{"line":83,"column":102}},"24":{"start":{"line":84,"column":20},"end":{"line":84,"column":38}},"25":{"start":{"line":85,"column":24},"end":{"line":85,"column":38}},"26":{"start":{"line":86,"column":4},"end":{"line":86,"column":38}},"27":{"start":{"line":88,"column":4},"end":{"line":88,"column":36}},"28":{"start":{"line":92,"column":53},"end":{"line":92,"column":73}},"29":{"start":{"line":93,"column":53},"end":{"line":93,"column":73}},"30":{"start":{"line":94,"column":34},"end":{"line":94,"column":49}},"31":{"start":{"line":95,"column":34},"end":{"line":95,"column":49}},"32":{"start":{"line":97,"column":4},"end":{"line":97,"column":44}},"33":{"start":{"line":99,"column":4},"end":{"line":99,"column":55}},"34":{"start":{"line":103,"column":53},"end":{"line":103,"column":73}},"35":{"start":{"line":104,"column":53},"end":{"line":104,"column":73}},"36":{"start":{"line":105,"column":38},"end":{"line":105,"column":53}},"37":{"start":{"line":106,"column":38},"end":{"line":106,"column":53}},"38":{"start":{"line":108,"column":4},"end":{"line":108,"column":48}},"39":{"start":{"line":110,"column":4},"end":{"line":110,"column":61}},"40":{"start":{"line":114,"column":36},"end":{"line":114,"column":76}},"41":{"start":{"line":115,"column":65},"end":{"line":115,"column":79}},"42":{"start":{"line":117,"column":4},"end":{"line":117,"column":46}},"43":{"start":{"line":119,"column":4},"end":{"line":119,"column":44}},"44":{"start":{"line":123,"column":36},"end":{"line":123,"column":76}},"45":{"start":{"line":124,"column":41},"end":{"line":124,"column":55}},"46":{"start":{"line":126,"column":4},"end":{"line":126,"column":50}},"47":{"start":{"line":128,"column":4},"end":{"line":128,"column":48}},"48":{"start":{"line":132,"column":36},"end":{"line":132,"column":76}},"49":{"start":{"line":133,"column":35},"end":{"line":133,"column":49}},"50":{"start":{"line":135,"column":4},"end":{"line":135,"column":44}},"51":{"start":{"line":137,"column":4},"end":{"line":137,"column":42}},"52":{"start":{"line":141,"column":40},"end":{"line":141,"column":80}},"53":{"start":{"line":142,"column":78},"end":{"line":142,"column":96}},"54":{"start":{"line":144,"column":4},"end":{"line":144,"column":87}},"55":{"start":{"line":146,"column":4},"end":{"line":146,"column":89}},"56":{"start":{"line":153,"column":25},"end":{"line":164,"column":14}},"57":{"start":{"line":155,"column":28},"end":{"line":155,"column":47}},"58":{"start":{"line":156,"column":24},"end":{"line":156,"column":51}},"59":{"start":{"line":157,"column":8},"end":{"line":161,"column":9}},"60":{"start":{"line":158,"column":10},"end":{"line":159,"column":38}},"61":{"start":{"line":159,"column":12},"end":{"line":159,"column":38}},"62":{"start":{"line":160,"column":10},"end":{"line":160,"column":23}},"63":{"start":{"line":162,"column":8},"end":{"line":162,"column":73}},"64":{"start":{"line":166,"column":4},"end":{"line":167,"column":37}},"65":{"start":{"line":167,"column":6},"end":{"line":167,"column":37}},"66":{"start":{"line":169,"column":36},"end":{"line":174,"column":6}},"67":{"start":{"line":170,"column":6},"end":{"line":173,"column":8}},"68":{"start":{"line":176,"column":40},"end":{"line":186,"column":14}},"69":{"start":{"line":177,"column":23},"end":{"line":177,"column":52}},"70":{"start":{"line":178,"column":28},"end":{"line":178,"column":31}},"71":{"start":{"line":180,"column":21},"end":{"line":180,"column":59}},"72":{"start":{"line":181,"column":27},"end":{"line":181,"column":82}},"73":{"start":{"line":181,"column":48},"end":{"line":181,"column":71}},"74":{"start":{"line":182,"column":30},"end":{"line":182,"column":83}},"75":{"start":{"line":182,"column":51},"end":{"line":182,"column":72}},"76":{"start":{"line":183,"column":8},"end":{"line":183,"column":56}},"77":{"start":{"line":189,"column":28},"end":{"line":192,"column":5}},"78":{"start":{"line":191,"column":48},"end":{"line":191,"column":106}},"79":{"start":{"line":194,"column":26},"end":{"line":194,"column":60}},"80":{"start":{"line":195,"column":38},"end":{"line":195,"column":77}},"81":{"start":{"line":196,"column":4},"end":{"line":196,"column":49}},"82":{"start":{"line":200,"column":4},"end":{"line":205,"column":5}},"83":{"start":{"line":204,"column":23},"end":{"line":204,"column":55}},"84":{"start":{"line":261,"column":36},"end":{"line":261,"column":55}},"85":{"start":{"line":262,"column":20},"end":{"line":262,"column":34}},"86":{"start":{"line":264,"column":4},"end":{"line":264,"column":29}},"87":{"start":{"line":266,"column":4},"end":{"line":266,"column":40}}},"fnMap":{"0":{"name":"(anonymous_0)","decl":{"start":{"line":46,"column":2},"end":{"line":46,"column":3}},"loc":{"start":{"line":46,"column":25},"end":{"line":48,"column":3}},"line":46},"1":{"name":"(anonymous_1)","decl":{"start":{"line":58,"column":46},"end":{"line":58,"column":47}},"loc":{"start":{"line":58,"column":53},"end":{"line":58,"column":62}},"line":58},"2":{"name":"(anonymous_2)","decl":{"start":{"line":63,"column":2},"end":{"line":63,"column":3}},"loc":{"start":{"line":63,"column":36},"end":{"line":70,"column":3}},"line":63},"3":{"name":"(anonymous_3)","decl":{"start":{"line":72,"column":2},"end":{"line":72,"column":3}},"loc":{"start":{"line":72,"column":37},"end":{"line":80,"column":3}},"line":72},"4":{"name":"(anonymous_4)","decl":{"start":{"line":82,"column":2},"end":{"line":82,"column":3}},"loc":{"start":{"line":82,"column":44},"end":{"line":89,"column":3}},"line":82},"5":{"name":"(anonymous_5)","decl":{"start":{"line":91,"column":2},"end":{"line":91,"column":3}},"loc":{"start":{"line":91,"column":33},"end":{"line":100,"column":3}},"line":91},"6":{"name":"(anonymous_6)","decl":{"start":{"line":102,"column":2},"end":{"line":102,"column":3}},"loc":{"start":{"line":102,"column":35},"end":{"line":111,"column":3}},"line":102},"7":{"name":"(anonymous_7)","decl":{"start":{"line":113,"column":2},"end":{"line":113,"column":3}},"loc":{"start":{"line":113,"column":50},"end":{"line":120,"column":3}},"line":113},"8":{"name":"(anonymous_8)","decl":{"start":{"line":122,"column":2},"end":{"line":122,"column":3}},"loc":{"start":{"line":122,"column":54},"end":{"line":129,"column":3}},"line":122},"9":{"name":"(anonymous_9)","decl":{"start":{"line":131,"column":2},"end":{"line":131,"column":3}},"loc":{"start":{"line":131,"column":48},"end":{"line":138,"column":3}},"line":131},"10":{"name":"(anonymous_10)","decl":{"start":{"line":140,"column":2},"end":{"line":140,"column":3}},"loc":{"start":{"line":140,"column":45},"end":{"line":147,"column":3}},"line":140},"11":{"name":"(anonymous_11)","decl":{"start":{"line":154,"column":12},"end":{"line":154,"column":13}},"loc":{"start":{"line":154,"column":28},"end":{"line":163,"column":7}},"line":154},"12":{"name":"(anonymous_12)","decl":{"start":{"line":169,"column":56},"end":{"line":169,"column":57}},"loc":{"start":{"line":169,"column":72},"end":{"line":174,"column":5}},"line":169},"13":{"name":"(anonymous_13)","decl":{"start":{"line":177,"column":15},"end":{"line":177,"column":16}},"loc":{"start":{"line":177,"column":23},"end":{"line":177,"column":52}},"line":177},"14":{"name":"(anonymous_14)","decl":{"start":{"line":178,"column":12},"end":{"line":178,"column":13}},"loc":{"start":{"line":178,"column":28},"end":{"line":178,"column":31}},"line":178},"15":{"name":"(anonymous_15)","decl":{"start":{"line":179,"column":11},"end":{"line":179,"column":12}},"loc":{"start":{"line":179,"column":25},"end":{"line":184,"column":7}},"line":179},"16":{"name":"(anonymous_16)","decl":{"start":{"line":181,"column":43},"end":{"line":181,"column":44}},"loc":{"start":{"line":181,"column":48},"end":{"line":181,"column":71}},"line":181},"17":{"name":"(anonymous_17)","decl":{"start":{"line":182,"column":46},"end":{"line":182,"column":47}},"loc":{"start":{"line":182,"column":51},"end":{"line":182,"column":72}},"line":182},"18":{"name":"(anonymous_18)","decl":{"start":{"line":191,"column":38},"end":{"line":191,"column":39}},"loc":{"start":{"line":191,"column":48},"end":{"line":191,"column":106}},"line":191},"19":{"name":"(anonymous_19)","decl":{"start":{"line":199,"column":2},"end":{"line":199,"column":3}},"loc":{"start":{"line":199,"column":52},"end":{"line":206,"column":3}},"line":199},"20":{"name":"(anonymous_20)","decl":{"start":{"line":204,"column":6},"end":{"line":204,"column":7}},"loc":{"start":{"line":204,"column":23},"end":{"line":204,"column":55}},"line":204},"21":{"name":"(anonymous_21)","decl":{"start":{"line":260,"column":2},"end":{"line":260,"column":3}},"loc":{"start":{"line":260,"column":27},"end":{"line":267,"column":3}},"line":260}},"branchMap":{"0":{"loc":{"start":{"line":52,"column":4},"end":{"line":53,"column":38}},"type":"if","locations":[{"start":{"line":52,"column":4},"end":{"line":53,"column":38}},{"start":{},"end":{}}],"line":52},"1":{"loc":{"start":{"line":59,"column":4},"end":{"line":60,"column":46}},"type":"if","locations":[{"start":{"line":59,"column":4},"end":{"line":60,"column":46}},{"start":{},"end":{}}],"line":59},"2":{"loc":{"start":{"line":64,"column":12},"end":{"line":64,"column":35}},"type":"default-arg","locations":[{"start":{"line":64,"column":33},"end":{"line":64,"column":35}}],"line":64},"3":{"loc":{"start":{"line":64,"column":38},"end":{"line":64,"column":57}},"type":"default-arg","locations":[{"start":{"line":64,"column":55},"end":{"line":64,"column":57}}],"line":64},"4":{"loc":{"start":{"line":73,"column":12},"end":{"line":73,"column":35}},"type":"default-arg","locations":[{"start":{"line":73,"column":33},"end":{"line":73,"column":35}}],"line":73},"5":{"loc":{"start":{"line":73,"column":38},"end":{"line":73,"column":57}},"type":"default-arg","locations":[{"start":{"line":73,"column":55},"end":{"line":73,"column":57}}],"line":73},"6":{"loc":{"start":{"line":83,"column":12},"end":{"line":83,"column":35}},"type":"default-arg","locations":[{"start":{"line":83,"column":33},"end":{"line":83,"column":35}}],"line":83},"7":{"loc":{"start":{"line":83,"column":38},"end":{"line":83,"column":57}},"type":"default-arg","locations":[{"start":{"line":83,"column":55},"end":{"line":83,"column":57}}],"line":83},"8":{"loc":{"start":{"line":92,"column":28},"end":{"line":92,"column":48}},"type":"default-arg","locations":[{"start":{"line":92,"column":46},"end":{"line":92,"column":48}}],"line":92},"9":{"loc":{"start":{"line":93,"column":28},"end":{"line":93,"column":48}},"type":"default-arg","locations":[{"start":{"line":93,"column":46},"end":{"line":93,"column":48}}],"line":93},"10":{"loc":{"start":{"line":103,"column":28},"end":{"line":103,"column":48}},"type":"default-arg","locations":[{"start":{"line":103,"column":46},"end":{"line":103,"column":48}}],"line":103},"11":{"loc":{"start":{"line":104,"column":28},"end":{"line":104,"column":48}},"type":"default-arg","locations":[{"start":{"line":104,"column":46},"end":{"line":104,"column":48}}],"line":104},"12":{"loc":{"start":{"line":114,"column":12},"end":{"line":114,"column":31}},"type":"default-arg","locations":[{"start":{"line":114,"column":29},"end":{"line":114,"column":31}}],"line":114},"13":{"loc":{"start":{"line":123,"column":12},"end":{"line":123,"column":31}},"type":"default-arg","locations":[{"start":{"line":123,"column":29},"end":{"line":123,"column":31}}],"line":123},"14":{"loc":{"start":{"line":132,"column":12},"end":{"line":132,"column":31}},"type":"default-arg","locations":[{"start":{"line":132,"column":29},"end":{"line":132,"column":31}}],"line":132},"15":{"loc":{"start":{"line":141,"column":12},"end":{"line":141,"column":35}},"type":"default-arg","locations":[{"start":{"line":141,"column":33},"end":{"line":141,"column":35}}],"line":141},"16":{"loc":{"start":{"line":156,"column":24},"end":{"line":156,"column":51}},"type":"cond-expr","locations":[{"start":{"line":156,"column":37},"end":{"line":156,"column":41}},{"start":{"line":156,"column":44},"end":{"line":156,"column":51}}],"line":156},"17":{"loc":{"start":{"line":157,"column":8},"end":{"line":161,"column":9}},"type":"if","locations":[{"start":{"line":157,"column":8},"end":{"line":161,"column":9}},{"start":{},"end":{}}],"line":157},"18":{"loc":{"start":{"line":158,"column":10},"end":{"line":159,"column":38}},"type":"if","locations":[{"start":{"line":158,"column":10},"end":{"line":159,"column":38}},{"start":{},"end":{}}],"line":158},"19":{"loc":{"start":{"line":166,"column":4},"end":{"line":167,"column":37}},"type":"if","locations":[{"start":{"line":166,"column":4},"end":{"line":167,"column":37}},{"start":{},"end":{}}],"line":166},"20":{"loc":{"start":{"line":166,"column":8},"end":{"line":166,"column":63}},"type":"binary-expr","locations":[{"start":{"line":166,"column":8},"end":{"line":166,"column":41}},{"start":{"line":166,"column":45},"end":{"line":166,"column":63}}],"line":166},"21":{"loc":{"start":{"line":191,"column":48},"end":{"line":191,"column":106}},"type":"cond-expr","locations":[{"start":{"line":191,"column":99},"end":{"line":191,"column":102}},{"start":{"line":191,"column":105},"end":{"line":191,"column":106}}],"line":191},"22":{"loc":{"start":{"line":261,"column":12},"end":{"line":261,"column":31}},"type":"default-arg","locations":[{"start":{"line":261,"column":29},"end":{"line":261,"column":31}}],"line":261}},"s":{"0":1,"1":1,"2":1,"3":1,"4":3,"5":0,"6":0,"7":0,"8":0,"9":0,"10":0,"11":0,"12":0,"13":0,"14":0,"15":0,"16":0,"17":0,"18":0,"19":0,"20":0,"21":0,"22":0,"23":0,"24":0,"25":0,"26":0,"27":0,"28":0,"29":0,"30":0,"31":0,"32":0,"33":0,"34":0,"35":0,"36":0,"37":0,"38":0,"39":0,"40":0,"41":0,"42":0,"43":0,"44":0,"45":0,"46":0,"47":0,"48":0,"49":0,"50":0,"51":0,"52":0,"53":0,"54":0,"55":0,"56":2,"57":10,"58":10,"59":10,"60":2,"61":2,"62":2,"63":8,"64":2,"65":0,"66":2,"67":8,"68":2,"69":8,"70":0,"71":4,"72":4,"73":4,"74":4,"75":8,"76":4,"77":2,"78":4,"79":2,"80":2,"81":2,"82":2,"83":10,"84":0,"85":0,"86":0,"87":0},"f":{"0":3,"1":0,"2":0,"3":0,"4":0,"5":0,"6":0,"7":0,"8":0,"9":0,"10":0,"11":10,"12":8,"13":8,"14":0,"15":4,"16":4,"17":8,"18":4,"19":2,"20":10,"21":0},"b":{"0":[0,0],"1":[0,0],"2":[0],"3":[0],"4":[0],"5":[0],"6":[0],"7":[0],"8":[0],"9":[0],"10":[0],"11":[0],"12":[0],"13":[0],"14":[0],"15":[0],"16":[10,0],"17":[2,8],"18":[2,0],"19":[0,2],"20":[2,2],"21":[2,2],"22":[0]},"_coverageSchema":"1a1c01bbd47fc00a2c39e90264f33305004495a9","hash":"b4f8676bd93cd2c38f5cb816fd3402af529414a2"}
,"/Users/aman/Documents/stock-valuation/lib/helper.js": {"path":"/Users/aman/Documents/stock-valuation/lib/helper.js","statementMap":{"0":{"start":{"line":1,"column":0},"end":{"line":5,"column":1}},"1":{"start":{"line":2,"column":2},"end":{"line":3,"column":24}},"2":{"start":{"line":3,"column":4},"end":{"line":3,"column":24}},"3":{"start":{"line":4,"column":2},"end":{"line":4,"column":55}},"4":{"start":{"line":7,"column":0},"end":{"line":10,"column":1}},"5":{"start":{"line":8,"column":16},"end":{"line":8,"column":85}},"6":{"start":{"line":8,"column":53},"end":{"line":8,"column":81}},"7":{"start":{"line":9,"column":2},"end":{"line":9,"column":54}},"8":{"start":{"line":9,"column":42},"end":{"line":9,"column":49}}},"fnMap":{"0":{"name":"(anonymous_0)","decl":{"start":{"line":1,"column":34},"end":{"line":1,"column":35}},"loc":{"start":{"line":1,"column":65},"end":{"line":5,"column":1}},"line":1},"1":{"name":"(anonymous_1)","decl":{"start":{"line":7,"column":29},"end":{"line":7,"column":30}},"loc":{"start":{"line":7,"column":50},"end":{"line":10,"column":1}},"line":7},"2":{"name":"(anonymous_2)","decl":{"start":{"line":8,"column":30},"end":{"line":8,"column":31}},"loc":{"start":{"line":8,"column":53},"end":{"line":8,"column":81}},"line":8},"3":{"name":"(anonymous_3)","decl":{"start":{"line":9,"column":30},"end":{"line":9,"column":31}},"loc":{"start":{"line":9,"column":42},"end":{"line":9,"column":49}},"line":9}},"branchMap":{"0":{"loc":{"start":{"line":2,"column":2},"end":{"line":3,"column":24}},"type":"if","locations":[{"start":{"line":2,"column":2},"end":{"line":3,"column":24}},{"start":{},"end":{}}],"line":2},"1":{"loc":{"start":{"line":2,"column":6},"end":{"line":2,"column":29}},"type":"binary-expr","locations":[{"start":{"line":2,"column":6},"end":{"line":2,"column":17}},{"start":{"line":2,"column":21},"end":{"line":2,"column":29}}],"line":2},"2":{"loc":{"start":{"line":4,"column":9},"end":{"line":4,"column":54}},"type":"cond-expr","locations":[{"start":{"line":4,"column":19},"end":{"line":4,"column":39}},{"start":{"line":4,"column":42},"end":{"line":4,"column":54}}],"line":4}},"s":{"0":1,"1":0,"2":0,"3":0,"4":1,"5":2,"6":4,"7":2,"8":4},"f":{"0":0,"1":2,"2":4,"3":4},"b":{"0":[0,0],"1":[0,0],"2":[0,0]},"_coverageSchema":"1a1c01bbd47fc00a2c39e90264f33305004495a9","hash":"83f39fc6403494778114de81dd21f3f5a27bab68"}
}
