TN:
SF:domain/domainError.js
FN:2,(anonymous_0)
FNF:1
FNH:0
FNDA:0,(anonymous_0)
DA:1,1
DA:3,0
DA:4,0
LF:3
LH:1
BRDA:4,0,0,0
BRDA:4,0,1,0
BRF:2
BRH:0
end_of_record
TN:
SF:domain/formula.js
FN:46,(anonymous_0)
FN:58,(anonymous_1)
FN:63,(anonymous_2)
FN:72,(anonymous_3)
FN:82,(anonymous_4)
FN:91,(anonymous_5)
FN:102,(anonymous_6)
FN:113,(anonymous_7)
FN:122,(anonymous_8)
FN:131,(anonymous_9)
FN:140,(anonymous_10)
FN:154,(anonymous_11)
FN:169,(anonymous_12)
FN:177,(anonymous_13)
FN:178,(anonymous_14)
FN:179,(anonymous_15)
FN:181,(anonymous_16)
FN:182,(anonymous_17)
FN:191,(anonymous_18)
FN:199,(anonymous_19)
FN:204,(anonymous_20)
FN:260,(anonymous_21)
FNF:22
FNH:10
FNDA:3,(anonymous_0)
FNDA:0,(anonymous_1)
FNDA:0,(anonymous_2)
FNDA:0,(anonymous_3)
FNDA:0,(anonymous_4)
FNDA:0,(anonymous_5)
FNDA:0,(anonymous_6)
FNDA:0,(anonymous_7)
FNDA:0,(anonymous_8)
FNDA:0,(anonymous_9)
FNDA:0,(anonymous_10)
FNDA:10,(anonymous_11)
FNDA:8,(anonymous_12)
FNDA:8,(anonymous_13)
FNDA:0,(anonymous_14)
FNDA:4,(anonymous_15)
FNDA:4,(anonymous_16)
FNDA:8,(anonymous_17)
FNDA:4,(anonymous_18)
FNDA:2,(anonymous_19)
FNDA:10,(anonymous_20)
FNDA:0,(anonymous_21)
DA:1,1
DA:2,1
DA:3,1
DA:44,1
DA:47,3
DA:51,0
DA:52,0
DA:53,0
DA:54,0
DA:58,0
DA:59,0
DA:60,0
DA:64,0
DA:65,0
DA:66,0
DA:67,0
DA:69,0
DA:73,0
DA:74,0
DA:75,0
DA:77,0
DA:79,0
DA:83,0
DA:84,0
DA:85,0
DA:86,0
DA:88,0
DA:92,0
DA:93,0
DA:94,0
DA:95,0
DA:97,0
DA:99,0
DA:103,0
DA:104,0
DA:105,0
DA:106,0
DA:108,0
DA:110,0
DA:114,0
DA:115,0
DA:117,0
DA:119,0
DA:123,0
DA:124,0
DA:126,0
DA:128,0
DA:132,0
DA:133,0
DA:135,0
DA:137,0
DA:141,0
DA:142,0
DA:144,0
DA:146,0
DA:153,2
DA:155,10
DA:156,10
DA:157,10
DA:158,2
DA:159,2
DA:160,2
DA:162,8
DA:166,2
DA:167,0
DA:169,2
DA:170,8
DA:176,2
DA:177,8
DA:178,0
DA:180,4
DA:181,4
DA:182,8
DA:183,4
DA:189,2
DA:191,4
DA:194,2
DA:195,2
DA:196,2
DA:200,2
DA:204,10
DA:261,0
DA:262,0
DA:264,0
DA:266,0
LF:85
LH:29
BRDA:52,0,0,0
BRDA:52,0,1,0
BRDA:59,1,0,0
BRDA:59,1,1,0
BRDA:64,2,0,0
BRDA:64,3,0,0
BRDA:73,4,0,0
BRDA:73,5,0,0
BRDA:83,6,0,0
BRDA:83,7,0,0
BRDA:92,8,0,0
BRDA:93,9,0,0
BRDA:103,10,0,0
BRDA:104,11,0,0
BRDA:114,12,0,0
BRDA:123,13,0,0
BRDA:132,14,0,0
BRDA:141,15,0,0
BRDA:156,16,0,10
BRDA:156,16,1,0
BRDA:157,17,0,2
BRDA:157,17,1,8
BRDA:158,18,0,2
BRDA:158,18,1,0
BRDA:166,19,0,0
BRDA:166,19,1,2
BRDA:166,20,0,2
BRDA:166,20,1,2
BRDA:191,21,0,2
BRDA:191,21,1,2
BRDA:261,22,0,0
BRF:31
BRH:9
end_of_record
TN:
SF:lib/helper.js
FN:1,(anonymous_0)
FN:7,(anonymous_1)
FN:8,(anonymous_2)
FN:9,(anonymous_3)
FNF:4
FNH:3
FNDA:0,(anonymous_0)
FNDA:2,(anonymous_1)
FNDA:4,(anonymous_2)
FNDA:4,(anonymous_3)
DA:1,1
DA:2,0
DA:3,0
DA:4,0
DA:7,1
DA:8,4
DA:9,4
LF:7
LH:4
BRDA:2,0,0,0
BRDA:2,0,1,0
BRDA:2,1,0,0
BRDA:2,1,1,0
BRDA:4,2,0,0
BRDA:4,2,1,0
BRF:6
BRH:0
end_of_record
